\BOOKMARK [1][-]{appendix.A}{Notation for dynamic model}{}% 1
\BOOKMARK [2][-]{subsection.A.1}{Worker value function: V}{appendix.A}% 2
\BOOKMARK [2][-]{subsection.A.2}{Firm value function: J}{appendix.A}% 3
\BOOKMARK [1][-]{appendix.B}{Derivation of the joint value function }{}% 4
\BOOKMARK [2][-]{subsection.B.1}{Combinining worker and firm values}{appendix.B}% 5
\BOOKMARK [2][-]{subsection.B.2}{Value sharing}{appendix.B}% 6
\BOOKMARK [2][-]{subsection.B.3}{Proof of Conditions \(C\)}{appendix.B}% 7
\BOOKMARK [3][-]{subsubsection.B.3.1}{Proof of C-UE and C-RT \(UE Hires and UE Threats\) }{subsection.B.3}% 8
\BOOKMARK [3][-]{subsubsection.B.3.2}{Proof of C-EE and C-RT \(EE Hires, EE Threats and Retentions\)}{subsection.B.3}% 9
\BOOKMARK [3][-]{subsubsection.B.3.3}{Proof of C-EU \(EU Quits and layoffs\)}{subsection.B.3}% 10
\BOOKMARK [3][-]{subsubsection.B.3.4}{Proof of C-X \(Exit\)}{subsection.B.3}% 11
\BOOKMARK [3][-]{subsubsection.B.3.5}{Proof of C-V \(Vacancies\) }{subsection.B.3}% 12
\BOOKMARK [2][-]{subsection.B.4}{Applying Conditions \(C\)}{appendix.B}% 13
\BOOKMARK [3][-]{subsubsection.B.4.1}{Exogenous destructions}{subsection.B.4}% 14
\BOOKMARK [3][-]{subsubsection.B.4.2}{Retentions}{subsection.B.4}% 15
\BOOKMARK [3][-]{subsubsection.B.4.3}{EE Quits}{subsection.B.4}% 16
\BOOKMARK [3][-]{subsubsection.B.4.4}{UE Hires}{subsection.B.4}% 17
\BOOKMARK [3][-]{subsubsection.B.4.5}{ UE Threats}{subsection.B.4}% 18
\BOOKMARK [3][-]{subsubsection.B.4.6}{EE Hires}{subsection.B.4}% 19
\BOOKMARK [3][-]{subsubsection.B.4.7}{EE Threats}{subsection.B.4}% 20
\BOOKMARK [2][-]{subsection.B.5}{Reducing the state space}{appendix.B}% 21
\BOOKMARK [2][-]{subsection.B.6}{Continuous workforce limit}{appendix.B}% 22
\BOOKMARK [3][-]{subsubsection.B.6.1}{Define worker size and the renormalization}{subsection.B.6}% 23
\BOOKMARK [3][-]{subsubsection.B.6.2}{Continuous limit as worker size goes to zero}{subsection.B.6}% 24
\BOOKMARK [3][-]{subsubsection.B.6.3}{Continuous productivity process}{subsection.B.6}% 25
\BOOKMARK [1][-]{appendix.C}{Computational details}{}% 26
\BOOKMARK [2][-]{subsection.C.1}{Numerical Solution to Surplus HJB Equation}{appendix.C}% 27
\BOOKMARK [3][-]{subsubsection.C.1.1}{Simplifying the Bellman equation}{subsection.C.1}% 28
\BOOKMARK [3][-]{subsubsection.C.1.2}{Change of variables}{subsection.C.1}% 29
\BOOKMARK [3][-]{subsubsection.C.1.3}{Implicit method}{subsection.C.1}% 30
\BOOKMARK [3][-]{subsubsection.C.1.4}{Derivative matrices}{subsection.C.1}% 31
